<?xml version="1.0" encoding="UTF-8"?>
<coverage generated="1588777079126" clover="3.2.0">
  <project timestamp="1588777079126" name="All files">
    <metrics statements="26" coveredstatements="10" conditionals="0" coveredconditionals="0" methods="17" coveredmethods="6" elements="43" coveredelements="16" complexity="0" loc="26" ncloc="26" packages="2" files="2" classes="2"/>
    <package name="views">
      <metrics statements="4" coveredstatements="2" conditionals="0" coveredconditionals="0" methods="3" coveredmethods="1"/>
      <file name="backend-api.js" path="E:\MyDocuments\Documents\code\semanticEnrichment\frontend\src\views\backend-api.js">
        <metrics statements="4" coveredstatements="2" conditionals="0" coveredconditionals="0" methods="3" coveredmethods="1"/>
        <line num="3" count="1" type="stmt"/>
        <line num="10" count="0" type="stmt"/>
        <line num="14" count="0" type="stmt"/>
        <line num="29" count="3" type="stmt"/>
      </file>
    </package>
    <package name="views.semantic-enrichment">
      <metrics statements="22" coveredstatements="8" conditionals="0" coveredconditionals="0" methods="14" coveredmethods="5"/>
      <file name="SemanticEnrichment.vue" path="E:\MyDocuments\Documents\code\semanticEnrichment\frontend\src\views\semantic-enrichment\SemanticEnrichment.vue">
        <metrics statements="22" coveredstatements="8" conditionals="0" coveredconditionals="0" methods="14" coveredmethods="5"/>
        <line num="96" count="1" type="stmt"/>
        <line num="101" count="1" type="stmt"/>
        <line num="130" count="1" type="stmt"/>
        <line num="131" count="1" type="stmt"/>
        <line num="132" count="1" type="stmt"/>
        <line num="137" count="0" type="stmt"/>
        <line num="142" count="0" type="stmt"/>
        <line num="143" count="0" type="stmt"/>
        <line num="144" count="0" type="stmt"/>
        <line num="145" count="0" type="stmt"/>
        <line num="148" count="0" type="stmt"/>
        <line num="152" count="1" type="stmt"/>
        <line num="154" count="0" type="stmt"/>
        <line num="157" count="0" type="stmt"/>
        <line num="161" count="1" type="stmt"/>
        <line num="163" count="0" type="stmt"/>
        <line num="164" count="0" type="stmt"/>
        <line num="168" count="0" type="stmt"/>
        <line num="172" count="1" type="stmt"/>
        <line num="174" count="0" type="stmt"/>
        <line num="175" count="0" type="stmt"/>
        <line num="178" count="0" type="stmt"/>
      </file>
    </package>
  </project>
</coverage>
