{"E:\\MyDocuments\\Documents\\code\\semanticEnrichment\\frontend\\src\\views\\backend-api.js": {"path":"E:\\MyDocuments\\Documents\\code\\semanticEnrichment\\frontend\\src\\views\\backend-api.js","statementMap":{"0":{"start":{"line":3,"column":14},"end":{"line":5,"column":2}},"1":{"start":{"line":10,"column":8},"end":{"line":10,"column":44}},"2":{"start":{"line":14,"column":5},"end":{"line":26,"column":60}},"3":{"start":{"line":29,"column":5},"end":{"line":29,"column":49}}},"fnMap":{"0":{"name":"(anonymous_0)","decl":{"start":{"line":9,"column":4},"end":{"line":9,"column":5}},"loc":{"start":{"line":9,"column":20},"end":{"line":11,"column":5}},"line":9},"1":{"name":"(anonymous_1)","decl":{"start":{"line":12,"column":4},"end":{"line":12,"column":5}},"loc":{"start":{"line":13,"column":123},"end":{"line":27,"column":5}},"line":13},"2":{"name":"(anonymous_2)","decl":{"start":{"line":28,"column":4},"end":{"line":28,"column":5}},"loc":{"start":{"line":28,"column":34},"end":{"line":30,"column":5}},"line":28}},"branchMap":{},"s":{"0":1,"1":0,"2":0,"3":3},"f":{"0":0,"1":0,"2":3},"b":{},"_coverageSchema":"43e27e138ebf9cfc5966b082cf9a028302ed4184","hash":"5677336df7d032a4d7b5bceaa6ed5048ca212a8f"}
,"E:\\MyDocuments\\Documents\\code\\semanticEnrichment\\frontend\\src\\views\\semantic-enrichment\\SemanticEnrichment.vue": {"path":"E:\\MyDocuments\\Documents\\code\\semanticEnrichment\\frontend\\src\\views\\semantic-enrichment\\SemanticEnrichment.vue","statementMap":{"0":{"start":{"line":96,"column":0},"end":{"line":96,"column":null}},"1":{"start":{"line":101,"column":0},"end":{"line":101,"column":null}},"2":{"start":{"line":130,"column":0},"end":{"line":130,"column":null}},"3":{"start":{"line":131,"column":0},"end":{"line":131,"column":null}},"4":{"start":{"line":132,"column":0},"end":{"line":132,"column":null}},"5":{"start":{"line":137,"column":0},"end":{"line":149,"column":null}},"6":{"start":{"line":142,"column":0},"end":{"line":142,"column":null}},"7":{"start":{"line":143,"column":0},"end":{"line":143,"column":null}},"8":{"start":{"line":144,"column":0},"end":{"line":144,"column":null}},"9":{"start":{"line":145,"column":0},"end":{"line":145,"column":null}},"10":{"start":{"line":148,"column":0},"end":{"line":148,"column":null}},"11":{"start":{"line":152,"column":0},"end":{"line":158,"column":null}},"12":{"start":{"line":154,"column":0},"end":{"line":154,"column":null}},"13":{"start":{"line":157,"column":0},"end":{"line":157,"column":null}},"14":{"start":{"line":161,"column":0},"end":{"line":169,"column":null}},"15":{"start":{"line":163,"column":0},"end":{"line":163,"column":null}},"16":{"start":{"line":164,"column":0},"end":{"line":164,"column":null}},"17":{"start":{"line":168,"column":0},"end":{"line":168,"column":null}},"18":{"start":{"line":172,"column":0},"end":{"line":179,"column":null}},"19":{"start":{"line":174,"column":0},"end":{"line":174,"column":null}},"20":{"start":{"line":175,"column":0},"end":{"line":175,"column":null}},"21":{"start":{"line":178,"column":0},"end":{"line":178,"column":null}}},"fnMap":{"0":{"name":"(anonymous_1)","decl":{"start":{"line":100,"column":0},"end":{"line":100,"column":null}},"loc":{"start":{"line":100,"column":0},"end":{"line":128,"column":null}}},"1":{"name":"(anonymous_2)","decl":{"start":{"line":129,"column":0},"end":{"line":129,"column":null}},"loc":{"start":{"line":129,"column":0},"end":{"line":133,"column":null}}},"2":{"name":"(anonymous_3)","decl":{"start":{"line":136,"column":0},"end":{"line":136,"column":null}},"loc":{"start":{"line":136,"column":0},"end":{"line":150,"column":null}}},"3":{"name":"(anonymous_4)","decl":{"start":{"line":137,"column":0},"end":{"line":137,"column":null}},"loc":{"start":{"line":137,"column":0},"end":{"line":146,"column":null}}},"4":{"name":"(anonymous_5)","decl":{"start":{"line":146,"column":0},"end":{"line":146,"column":null}},"loc":{"start":{"line":146,"column":0},"end":{"line":149,"column":null}}},"5":{"name":"(anonymous_6)","decl":{"start":{"line":151,"column":0},"end":{"line":151,"column":null}},"loc":{"start":{"line":151,"column":0},"end":{"line":159,"column":null}}},"6":{"name":"(anonymous_7)","decl":{"start":{"line":152,"column":0},"end":{"line":152,"column":null}},"loc":{"start":{"line":152,"column":0},"end":{"line":155,"column":null}}},"7":{"name":"(anonymous_8)","decl":{"start":{"line":155,"column":0},"end":{"line":155,"column":null}},"loc":{"start":{"line":155,"column":0},"end":{"line":158,"column":null}}},"8":{"name":"(anonymous_9)","decl":{"start":{"line":160,"column":0},"end":{"line":160,"column":null}},"loc":{"start":{"line":160,"column":0},"end":{"line":170,"column":null}}},"9":{"name":"(anonymous_10)","decl":{"start":{"line":161,"column":0},"end":{"line":161,"column":null}},"loc":{"start":{"line":161,"column":0},"end":{"line":166,"column":null}}},"10":{"name":"(anonymous_11)","decl":{"start":{"line":166,"column":0},"end":{"line":166,"column":null}},"loc":{"start":{"line":166,"column":0},"end":{"line":169,"column":null}}},"11":{"name":"(anonymous_12)","decl":{"start":{"line":171,"column":0},"end":{"line":171,"column":null}},"loc":{"start":{"line":171,"column":0},"end":{"line":180,"column":null}}},"12":{"name":"(anonymous_13)","decl":{"start":{"line":172,"column":0},"end":{"line":172,"column":null}},"loc":{"start":{"line":172,"column":0},"end":{"line":176,"column":null}}},"13":{"name":"(anonymous_14)","decl":{"start":{"line":176,"column":0},"end":{"line":176,"column":null}},"loc":{"start":{"line":176,"column":0},"end":{"line":179,"column":null}}}},"branchMap":{},"s":{"0":1,"1":1,"2":1,"3":1,"4":1,"5":0,"6":0,"7":0,"8":0,"9":0,"10":0,"11":1,"12":0,"13":0,"14":1,"15":0,"16":0,"17":0,"18":1,"19":0,"20":0,"21":0},"f":{"0":1,"1":1,"2":0,"3":0,"4":0,"5":1,"6":0,"7":0,"8":1,"9":0,"10":0,"11":1,"12":0,"13":0},"b":{}}
}
