TN:
SF:E:\MyDocuments\Documents\code\semanticEnrichment\frontend\src\views\backend-api.js
FN:9,(anonymous_0)
FN:12,(anonymous_1)
FN:28,(anonymous_2)
FNF:3
FNH:1
FNDA:0,(anonymous_0)
FNDA:0,(anonymous_1)
FNDA:3,(anonymous_2)
DA:3,1
DA:10,0
DA:14,0
DA:29,3
LF:4
LH:2
BRF:0
BRH:0
end_of_record
TN:
SF:E:\MyDocuments\Documents\code\semanticEnrichment\frontend\src\views\semantic-enrichment\SemanticEnrichment.vue
FN:100,(anonymous_1)
FN:129,(anonymous_2)
FN:136,(anonymous_3)
FN:137,(anonymous_4)
FN:146,(anonymous_5)
FN:151,(anonymous_6)
FN:152,(anonymous_7)
FN:155,(anonymous_8)
FN:160,(anonymous_9)
FN:161,(anonymous_10)
FN:166,(anonymous_11)
FN:171,(anonymous_12)
FN:172,(anonymous_13)
FN:176,(anonymous_14)
FNF:14
FNH:5
FNDA:1,(anonymous_1)
FNDA:1,(anonymous_2)
FNDA:0,(anonymous_3)
FNDA:0,(anonymous_4)
FNDA:0,(anonymous_5)
FNDA:1,(anonymous_6)
FNDA:0,(anonymous_7)
FNDA:0,(anonymous_8)
FNDA:1,(anonymous_9)
FNDA:0,(anonymous_10)
FNDA:0,(anonymous_11)
FNDA:1,(anonymous_12)
FNDA:0,(anonymous_13)
FNDA:0,(anonymous_14)
DA:96,1
DA:101,1
DA:130,1
DA:131,1
DA:132,1
DA:137,0
DA:142,0
DA:143,0
DA:144,0
DA:145,0
DA:148,0
DA:152,1
DA:154,0
DA:157,0
DA:161,1
DA:163,0
DA:164,0
DA:168,0
DA:172,1
DA:174,0
DA:175,0
DA:178,0
LF:22
LH:8
BRF:0
BRH:0
end_of_record
